<?xml version="1.0" encoding="UTF-8"?>
<coverage generated="1725872736433" clover="3.2.0">
  <project timestamp="1725872736434" name="All files">
    <metrics statements="113" coveredstatements="47" conditionals="52" coveredconditionals="13" methods="31" coveredmethods="7" elements="196" coveredelements="67" complexity="0" loc="113" ncloc="113" packages="6" files="27" classes="27"/>
    <package name="app.(auth)">
      <metrics statements="25" coveredstatements="3" conditionals="14" coveredconditionals="0" methods="7" coveredmethods="1"/>
      <file name="index.jsx" path="C:\Users\erdianto.yuli\Documents\code\CarRentalRNExpo\app\(auth)\index.jsx">
        <metrics statements="25" coveredstatements="3" conditionals="14" coveredconditionals="0" methods="7" coveredmethods="1"/>
        <line num="15" count="1" type="stmt"/>
        <line num="24" count="2" type="stmt"/>
        <line num="25" count="0" type="stmt"/>
        <line num="26" count="0" type="stmt"/>
        <line num="32" count="0" type="stmt"/>
        <line num="33" count="0" type="stmt"/>
        <line num="38" count="0" type="stmt"/>
        <line num="39" count="0" type="cond" truecount="0" falsecount="4"/>
        <line num="40" count="0" type="stmt"/>
        <line num="46" count="0" type="stmt"/>
        <line num="47" count="0" type="stmt"/>
        <line num="48" count="0" type="stmt"/>
        <line num="49" count="0" type="stmt"/>
        <line num="51" count="0" type="cond" truecount="0" falsecount="2"/>
        <line num="52" count="0" type="stmt"/>
        <line num="58" count="0" type="stmt"/>
        <line num="59" count="0" type="stmt"/>
        <line num="60" count="0" type="stmt"/>
        <line num="65" count="0" type="stmt"/>
        <line num="66" count="0" type="stmt"/>
        <line num="69" count="0" type="stmt"/>
        <line num="78" count="0" type="stmt"/>
        <line num="79" count="0" type="stmt"/>
        <line num="90" count="0" type="stmt"/>
        <line num="153" count="1" type="stmt"/>
      </file>
    </package>
    <package name="assets.images">
      <metrics statements="16" coveredstatements="16" conditionals="0" coveredconditionals="0" methods="0" coveredmethods="0"/>
      <file name="avatar.png" path="C:\Users\erdianto.yuli\Documents\code\CarRentalRNExpo\assets\images\avatar.png">
        <metrics statements="1" coveredstatements="1" conditionals="0" coveredconditionals="0" methods="0" coveredmethods="0"/>
        <line num="1" count="2" type="stmt"/>
      </file>
      <file name="cars.png" path="C:\Users\erdianto.yuli\Documents\code\CarRentalRNExpo\assets\images\cars.png">
        <metrics statements="1" coveredstatements="1" conditionals="0" coveredconditionals="0" methods="0" coveredmethods="0"/>
        <line num="1" count="2" type="stmt"/>
      </file>
      <file name="fi_box.svg" path="C:\Users\erdianto.yuli\Documents\code\CarRentalRNExpo\assets\images\fi_box.svg">
        <metrics statements="1" coveredstatements="1" conditionals="0" coveredconditionals="0" methods="0" coveredmethods="0"/>
        <line num="1" count="2" type="stmt"/>
      </file>
      <file name="fi_camera.svg" path="C:\Users\erdianto.yuli\Documents\code\CarRentalRNExpo\assets\images\fi_camera.svg">
        <metrics statements="1" coveredstatements="1" conditionals="0" coveredconditionals="0" methods="0" coveredmethods="0"/>
        <line num="1" count="2" type="stmt"/>
      </file>
      <file name="fi_home.svg" path="C:\Users\erdianto.yuli\Documents\code\CarRentalRNExpo\assets\images\fi_home.svg">
        <metrics statements="1" coveredstatements="1" conditionals="0" coveredconditionals="0" methods="0" coveredmethods="0"/>
        <line num="1" count="2" type="stmt"/>
      </file>
      <file name="fi_home_red.svg" path="C:\Users\erdianto.yuli\Documents\code\CarRentalRNExpo\assets\images\fi_home_red.svg">
        <metrics statements="1" coveredstatements="1" conditionals="0" coveredconditionals="0" methods="0" coveredmethods="0"/>
        <line num="1" count="2" type="stmt"/>
      </file>
      <file name="fi_key.svg" path="C:\Users\erdianto.yuli\Documents\code\CarRentalRNExpo\assets\images\fi_key.svg">
        <metrics statements="1" coveredstatements="1" conditionals="0" coveredconditionals="0" methods="0" coveredmethods="0"/>
        <line num="1" count="2" type="stmt"/>
      </file>
      <file name="fi_list.svg" path="C:\Users\erdianto.yuli\Documents\code\CarRentalRNExpo\assets\images\fi_list.svg">
        <metrics statements="1" coveredstatements="1" conditionals="0" coveredconditionals="0" methods="0" coveredmethods="0"/>
        <line num="1" count="2" type="stmt"/>
      </file>
      <file name="fi_list_red.svg" path="C:\Users\erdianto.yuli\Documents\code\CarRentalRNExpo\assets\images\fi_list_red.svg">
        <metrics statements="1" coveredstatements="1" conditionals="0" coveredconditionals="0" methods="0" coveredmethods="0"/>
        <line num="1" count="2" type="stmt"/>
      </file>
      <file name="fi_truck.svg" path="C:\Users\erdianto.yuli\Documents\code\CarRentalRNExpo\assets\images\fi_truck.svg">
        <metrics statements="1" coveredstatements="1" conditionals="0" coveredconditionals="0" methods="0" coveredmethods="0"/>
        <line num="1" count="2" type="stmt"/>
      </file>
      <file name="fi_user.svg" path="C:\Users\erdianto.yuli\Documents\code\CarRentalRNExpo\assets\images\fi_user.svg">
        <metrics statements="1" coveredstatements="1" conditionals="0" coveredconditionals="0" methods="0" coveredmethods="0"/>
        <line num="1" count="2" type="stmt"/>
      </file>
      <file name="fi_user_red.svg" path="C:\Users\erdianto.yuli\Documents\code\CarRentalRNExpo\assets\images\fi_user_red.svg">
        <metrics statements="1" coveredstatements="1" conditionals="0" coveredconditionals="0" methods="0" coveredmethods="0"/>
        <line num="1" count="2" type="stmt"/>
      </file>
      <file name="index.js" path="C:\Users\erdianto.yuli\Documents\code\CarRentalRNExpo\assets\images\index.js">
        <metrics statements="0" coveredstatements="0" conditionals="0" coveredconditionals="0" methods="0" coveredmethods="0"/>
      </file>
      <file name="park.png" path="C:\Users\erdianto.yuli\Documents\code\CarRentalRNExpo\assets\images\park.png">
        <metrics statements="1" coveredstatements="1" conditionals="0" coveredconditionals="0" methods="0" coveredmethods="0"/>
        <line num="1" count="2" type="stmt"/>
      </file>
      <file name="splash.jpg" path="C:\Users\erdianto.yuli\Documents\code\CarRentalRNExpo\assets\images\splash.jpg">
        <metrics statements="1" coveredstatements="1" conditionals="0" coveredconditionals="0" methods="0" coveredmethods="0"/>
        <line num="1" count="2" type="stmt"/>
      </file>
      <file name="toyota.png" path="C:\Users\erdianto.yuli\Documents\code\CarRentalRNExpo\assets\images\toyota.png">
        <metrics statements="1" coveredstatements="1" conditionals="0" coveredconditionals="0" methods="0" coveredmethods="0"/>
        <line num="1" count="2" type="stmt"/>
      </file>
      <file name="zenix.png" path="C:\Users\erdianto.yuli\Documents\code\CarRentalRNExpo\assets\images\zenix.png">
        <metrics statements="1" coveredstatements="1" conditionals="0" coveredconditionals="0" methods="0" coveredmethods="0"/>
        <line num="1" count="2" type="stmt"/>
      </file>
    </package>
    <package name="components">
      <metrics statements="20" coveredstatements="12" conditionals="32" coveredconditionals="11" methods="11" coveredmethods="5"/>
      <file name="Button.jsx" path="C:\Users\erdianto.yuli\Documents\code\CarRentalRNExpo\components\Button.jsx">
        <metrics statements="8" coveredstatements="2" conditionals="12" coveredconditionals="0" methods="3" coveredmethods="0"/>
        <line num="6" count="1" type="stmt"/>
        <line num="9" count="0" type="stmt"/>
        <line num="11" count="0" type="stmt"/>
        <line num="12" count="0" type="stmt"/>
        <line num="15" count="0" type="stmt"/>
        <line num="16" count="0" type="stmt"/>
        <line num="19" count="0" type="stmt"/>
        <line num="49" count="1" type="stmt"/>
      </file>
      <file name="CarList.jsx" path="C:\Users\erdianto.yuli\Documents\code\CarRentalRNExpo\components\CarList.jsx">
        <metrics statements="4" coveredstatements="4" conditionals="3" coveredconditionals="1" methods="3" coveredmethods="2"/>
        <line num="6" count="1" type="stmt"/>
        <line num="20" count="1" type="stmt"/>
        <line num="21" count="1" type="stmt"/>
        <line num="46" count="1" type="stmt"/>
      </file>
      <file name="Grid.jsx" path="C:\Users\erdianto.yuli\Documents\code\CarRentalRNExpo\components\Grid.jsx">
        <metrics statements="4" coveredstatements="3" conditionals="6" coveredconditionals="4" methods="3" coveredmethods="2"/>
        <line num="5" count="0" type="stmt"/>
        <line num="9" count="4" type="stmt"/>
        <line num="13" count="2" type="stmt"/>
        <line num="16" count="2" type="stmt"/>
      </file>
      <file name="Modal.jsx" path="C:\Users\erdianto.yuli\Documents\code\CarRentalRNExpo\components\Modal.jsx">
        <metrics statements="1" coveredstatements="0" conditionals="0" coveredconditionals="0" methods="1" coveredmethods="0"/>
        <line num="5" count="0" type="stmt"/>
      </file>
      <file name="ThemedText.tsx" path="C:\Users\erdianto.yuli\Documents\code\CarRentalRNExpo\components\ThemedText.tsx">
        <metrics statements="3" coveredstatements="3" conditionals="11" coveredconditionals="6" methods="1" coveredmethods="1"/>
        <line num="18" count="1" type="stmt"/>
        <line num="20" count="1" type="stmt"/>
        <line num="36" count="1" type="stmt"/>
      </file>
    </package>
    <package name="constants">
      <metrics statements="3" coveredstatements="3" conditionals="0" coveredconditionals="0" methods="0" coveredmethods="0"/>
      <file name="Colors.ts" path="C:\Users\erdianto.yuli\Documents\code\CarRentalRNExpo\constants\Colors.ts">
        <metrics statements="3" coveredstatements="3" conditionals="0" coveredconditionals="0" methods="0" coveredmethods="0"/>
        <line num="6" count="2" type="stmt"/>
        <line num="7" count="2" type="stmt"/>
        <line num="9" count="2" type="stmt"/>
      </file>
    </package>
    <package name="hooks">
      <metrics statements="5" coveredstatements="4" conditionals="4" coveredconditionals="2" methods="1" coveredmethods="1"/>
      <file name="useThemeColor.ts" path="C:\Users\erdianto.yuli\Documents\code\CarRentalRNExpo\hooks\useThemeColor.ts">
        <metrics statements="5" coveredstatements="4" conditionals="4" coveredconditionals="2" methods="1" coveredmethods="1"/>
        <line num="14" count="1" type="cond" truecount="1" falsecount="1"/>
        <line num="15" count="1" type="stmt"/>
        <line num="17" count="1" type="cond" truecount="1" falsecount="1"/>
        <line num="18" count="0" type="stmt"/>
        <line num="20" count="1" type="stmt"/>
      </file>
    </package>
    <package name="redux.reducer.auth">
      <metrics statements="44" coveredstatements="9" conditionals="2" coveredconditionals="0" methods="12" coveredmethods="0"/>
      <file name="authAPI.js" path="C:\Users\erdianto.yuli\Documents\code\CarRentalRNExpo\redux\reducer\auth\authAPI.js">
        <metrics statements="10" coveredstatements="2" conditionals="2" coveredconditionals="0" methods="2" coveredmethods="0"/>
        <line num="3" count="1" type="stmt"/>
        <line num="6" count="0" type="stmt"/>
        <line num="21" count="0" type="stmt"/>
        <line num="25" count="1" type="stmt"/>
        <line num="28" count="0" type="stmt"/>
        <line num="29" count="0" type="stmt"/>
        <line num="43" count="0" type="stmt"/>
        <line num="44" count="0" type="cond" truecount="0" falsecount="2"/>
        <line num="46" count="0" type="stmt"/>
        <line num="48" count="0" type="stmt"/>
      </file>
      <file name="authLoginSlice.js" path="C:\Users\erdianto.yuli\Documents\code\CarRentalRNExpo\redux\reducer\auth\authLoginSlice.js">
        <metrics statements="34" coveredstatements="7" conditionals="0" coveredconditionals="0" methods="10" coveredmethods="0"/>
        <line num="5" count="1" type="stmt"/>
        <line num="6" count="0" type="stmt"/>
        <line num="9" count="1" type="stmt"/>
        <line num="10" count="0" type="stmt"/>
        <line num="13" count="1" type="stmt"/>
        <line num="14" count="0" type="stmt"/>
        <line num="17" count="1" type="stmt"/>
        <line num="29" count="0" type="stmt"/>
        <line num="30" count="0" type="stmt"/>
        <line num="31" count="0" type="stmt"/>
        <line num="34" count="0" type="stmt"/>
        <line num="35" count="0" type="stmt"/>
        <line num="36" count="0" type="stmt"/>
        <line num="37" count="0" type="stmt"/>
        <line num="41" count="0" type="stmt"/>
        <line num="42" count="0" type="stmt"/>
        <line num="44" count="0" type="stmt"/>
        <line num="45" count="0" type="stmt"/>
        <line num="46" count="0" type="stmt"/>
        <line num="47" count="0" type="stmt"/>
        <line num="48" count="0" type="stmt"/>
        <line num="49" count="0" type="stmt"/>
        <line num="50" count="0" type="stmt"/>
        <line num="51" count="0" type="stmt"/>
        <line num="53" count="0" type="stmt"/>
        <line num="54" count="0" type="stmt"/>
        <line num="55" count="0" type="stmt"/>
        <line num="56" count="0" type="stmt"/>
        <line num="57" count="0" type="stmt"/>
        <line num="58" count="0" type="stmt"/>
        <line num="59" count="0" type="stmt"/>
        <line num="64" count="1" type="stmt"/>
        <line num="65" count="1" type="stmt"/>
        <line num="66" count="1" type="stmt"/>
      </file>
    </package>
  </project>
</coverage>
