{"C:\\Users\\erdianto.yuli\\Documents\\code\\CarRentalRNExpo\\app\\(auth)\\index.jsx": {"path":"C:\\Users\\erdianto.yuli\\Documents\\code\\CarRentalRNExpo\\app\\(auth)\\index.jsx","statementMap":{"0":{"start":{"line":15,"column":21},"end":{"line":21,"column":2}},"1":{"start":{"line":24,"column":49},"end":{"line":24,"column":73}},"2":{"start":{"line":25,"column":19},"end":{"line":25,"column":32}},"3":{"start":{"line":26,"column":40},"end":{"line":31,"column":4}},"4":{"start":{"line":32,"column":42},"end":{"line":32,"column":57}},"5":{"start":{"line":33,"column":34},"end":{"line":36,"column":4}},"6":{"start":{"line":38,"column":2},"end":{"line":63,"column":23}},"7":{"start":{"line":39,"column":4},"end":{"line":62,"column":5}},"8":{"start":{"line":40,"column":6},"end":{"line":45,"column":9}},"9":{"start":{"line":46,"column":6},"end":{"line":46,"column":28}},"10":{"start":{"line":47,"column":6},"end":{"line":50,"column":15}},"11":{"start":{"line":48,"column":8},"end":{"line":48,"column":31}},"12":{"start":{"line":49,"column":8},"end":{"line":49,"column":35}},"13":{"start":{"line":51,"column":11},"end":{"line":62,"column":5}},"14":{"start":{"line":52,"column":6},"end":{"line":57,"column":9}},"15":{"start":{"line":58,"column":6},"end":{"line":58,"column":28}},"16":{"start":{"line":59,"column":6},"end":{"line":61,"column":15}},"17":{"start":{"line":60,"column":8},"end":{"line":60,"column":31}},"18":{"start":{"line":65,"column":23},"end":{"line":67,"column":3}},"19":{"start":{"line":66,"column":4},"end":{"line":66,"column":62}},"20":{"start":{"line":69,"column":2},"end":{"line":150,"column":4}},"21":{"start":{"line":78,"column":10},"end":{"line":78,"column":30}},"22":{"start":{"line":79,"column":10},"end":{"line":79,"column":31}},"23":{"start":{"line":90,"column":10},"end":{"line":127,"column":13}},"24":{"start":{"line":153,"column":15},"end":{"line":228,"column":2}}},"fnMap":{"0":{"name":"Login","decl":{"start":{"line":23,"column":24},"end":{"line":23,"column":29}},"loc":{"start":{"line":23,"column":32},"end":{"line":151,"column":1}},"line":23},"1":{"name":"(anonymous_1)","decl":{"start":{"line":38,"column":12},"end":{"line":38,"column":13}},"loc":{"start":{"line":38,"column":18},"end":{"line":63,"column":3}},"line":38},"2":{"name":"(anonymous_2)","decl":{"start":{"line":47,"column":17},"end":{"line":47,"column":18}},"loc":{"start":{"line":47,"column":23},"end":{"line":50,"column":7}},"line":47},"3":{"name":"(anonymous_3)","decl":{"start":{"line":59,"column":17},"end":{"line":59,"column":18}},"loc":{"start":{"line":59,"column":23},"end":{"line":61,"column":7}},"line":59},"4":{"name":"(anonymous_4)","decl":{"start":{"line":65,"column":23},"end":{"line":65,"column":24}},"loc":{"start":{"line":65,"column":30},"end":{"line":67,"column":3}},"line":65},"5":{"name":"(anonymous_5)","decl":{"start":{"line":77,"column":18},"end":{"line":77,"column":19}},"loc":{"start":{"line":77,"column":30},"end":{"line":80,"column":9}},"line":77},"6":{"name":"(anonymous_6)","decl":{"start":{"line":82,"column":9},"end":{"line":82,"column":10}},"loc":{"start":{"line":90,"column":10},"end":{"line":127,"column":13}},"line":90}},"branchMap":{"0":{"loc":{"start":{"line":39,"column":4},"end":{"line":62,"column":5}},"type":"if","locations":[{"start":{"line":39,"column":4},"end":{"line":62,"column":5}},{"start":{"line":51,"column":11},"end":{"line":62,"column":5}}],"line":39},"1":{"loc":{"start":{"line":39,"column":8},"end":{"line":39,"column":39}},"type":"binary-expr","locations":[{"start":{"line":39,"column":8},"end":{"line":39,"column":25}},{"start":{"line":39,"column":29},"end":{"line":39,"column":39}}],"line":39},"2":{"loc":{"start":{"line":51,"column":11},"end":{"line":62,"column":5}},"type":"if","locations":[{"start":{"line":51,"column":11},"end":{"line":62,"column":5}},{"start":{},"end":{}}],"line":51},"3":{"loc":{"start":{"line":99,"column":15},"end":{"line":101,"column":22}},"type":"cond-expr","locations":[{"start":{"line":100,"column":16},"end":{"line":100,"column":68}},{"start":{"line":101,"column":18},"end":{"line":101,"column":22}}],"line":99},"4":{"loc":{"start":{"line":99,"column":15},"end":{"line":99,"column":44}},"type":"binary-expr","locations":[{"start":{"line":99,"column":15},"end":{"line":99,"column":27}},{"start":{"line":99,"column":31},"end":{"line":99,"column":44}}],"line":99},"5":{"loc":{"start":{"line":113,"column":15},"end":{"line":115,"column":22}},"type":"cond-expr","locations":[{"start":{"line":114,"column":16},"end":{"line":114,"column":71}},{"start":{"line":115,"column":18},"end":{"line":115,"column":22}}],"line":113},"6":{"loc":{"start":{"line":113,"column":15},"end":{"line":113,"column":50}},"type":"binary-expr","locations":[{"start":{"line":113,"column":15},"end":{"line":113,"column":30}},{"start":{"line":113,"column":34},"end":{"line":113,"column":50}}],"line":113}},"s":{"0":1,"1":2,"2":0,"3":0,"4":0,"5":0,"6":0,"7":0,"8":0,"9":0,"10":0,"11":0,"12":0,"13":0,"14":0,"15":0,"16":0,"17":0,"18":0,"19":0,"20":0,"21":0,"22":0,"23":0,"24":1},"f":{"0":2,"1":0,"2":0,"3":0,"4":0,"5":0,"6":0},"b":{"0":[0,0],"1":[0,0],"2":[0,0],"3":[0,0],"4":[0,0],"5":[0,0],"6":[0,0]},"_coverageSchema":"1a1c01bbd47fc00a2c39e90264f33305004495a9","hash":"2a791f9132c2a0802f60522a8ae809b04938edf9"}
,"C:\\Users\\erdianto.yuli\\Documents\\code\\CarRentalRNExpo\\assets\\images\\avatar.png": {"path":"C:\\Users\\erdianto.yuli\\Documents\\code\\CarRentalRNExpo\\assets\\images\\avatar.png","statementMap":{"0":{"start":{"line":1,"column":0},"end":{"line":1,"column":19}}},"fnMap":{},"branchMap":{},"s":{"0":2},"f":{},"b":{},"_coverageSchema":"1a1c01bbd47fc00a2c39e90264f33305004495a9","hash":"5e8d2d79373d4d8c4c59d5a56f28b77ebe691475"}
,"C:\\Users\\erdianto.yuli\\Documents\\code\\CarRentalRNExpo\\assets\\images\\cars.png": {"path":"C:\\Users\\erdianto.yuli\\Documents\\code\\CarRentalRNExpo\\assets\\images\\cars.png","statementMap":{"0":{"start":{"line":1,"column":0},"end":{"line":1,"column":19}}},"fnMap":{},"branchMap":{},"s":{"0":2},"f":{},"b":{},"_coverageSchema":"1a1c01bbd47fc00a2c39e90264f33305004495a9","hash":"26f6f643b058ad4113ba3241cba09bd7dad740d4"}
,"C:\\Users\\erdianto.yuli\\Documents\\code\\CarRentalRNExpo\\assets\\images\\fi_box.svg": {"path":"C:\\Users\\erdianto.yuli\\Documents\\code\\CarRentalRNExpo\\assets\\images\\fi_box.svg","statementMap":{"0":{"start":{"line":1,"column":0},"end":{"line":1,"column":19}}},"fnMap":{},"branchMap":{},"s":{"0":2},"f":{},"b":{},"_coverageSchema":"1a1c01bbd47fc00a2c39e90264f33305004495a9","hash":"bfea3fbcbd81b6096588f75037f8d50379d52381"}
,"C:\\Users\\erdianto.yuli\\Documents\\code\\CarRentalRNExpo\\assets\\images\\fi_camera.svg": {"path":"C:\\Users\\erdianto.yuli\\Documents\\code\\CarRentalRNExpo\\assets\\images\\fi_camera.svg","statementMap":{"0":{"start":{"line":1,"column":0},"end":{"line":1,"column":19}}},"fnMap":{},"branchMap":{},"s":{"0":2},"f":{},"b":{},"_coverageSchema":"1a1c01bbd47fc00a2c39e90264f33305004495a9","hash":"00819510b397df8d1d9a46b2dba06932e8e291a0"}
,"C:\\Users\\erdianto.yuli\\Documents\\code\\CarRentalRNExpo\\assets\\images\\fi_home.svg": {"path":"C:\\Users\\erdianto.yuli\\Documents\\code\\CarRentalRNExpo\\assets\\images\\fi_home.svg","statementMap":{"0":{"start":{"line":1,"column":0},"end":{"line":1,"column":19}}},"fnMap":{},"branchMap":{},"s":{"0":2},"f":{},"b":{},"_coverageSchema":"1a1c01bbd47fc00a2c39e90264f33305004495a9","hash":"e093fddbd24de734bc9bbbc16ffb39e6143a9b44"}
,"C:\\Users\\erdianto.yuli\\Documents\\code\\CarRentalRNExpo\\assets\\images\\fi_home_red.svg": {"path":"C:\\Users\\erdianto.yuli\\Documents\\code\\CarRentalRNExpo\\assets\\images\\fi_home_red.svg","statementMap":{"0":{"start":{"line":1,"column":0},"end":{"line":1,"column":19}}},"fnMap":{},"branchMap":{},"s":{"0":2},"f":{},"b":{},"_coverageSchema":"1a1c01bbd47fc00a2c39e90264f33305004495a9","hash":"8c3dbc8e71b5212ace7c079f5089fa21ed7540d6"}
,"C:\\Users\\erdianto.yuli\\Documents\\code\\CarRentalRNExpo\\assets\\images\\fi_key.svg": {"path":"C:\\Users\\erdianto.yuli\\Documents\\code\\CarRentalRNExpo\\assets\\images\\fi_key.svg","statementMap":{"0":{"start":{"line":1,"column":0},"end":{"line":1,"column":19}}},"fnMap":{},"branchMap":{},"s":{"0":2},"f":{},"b":{},"_coverageSchema":"1a1c01bbd47fc00a2c39e90264f33305004495a9","hash":"0b85bb5ccacc6abf8a92a5b66bfaee79a6e7708c"}
,"C:\\Users\\erdianto.yuli\\Documents\\code\\CarRentalRNExpo\\assets\\images\\fi_list.svg": {"path":"C:\\Users\\erdianto.yuli\\Documents\\code\\CarRentalRNExpo\\assets\\images\\fi_list.svg","statementMap":{"0":{"start":{"line":1,"column":0},"end":{"line":1,"column":19}}},"fnMap":{},"branchMap":{},"s":{"0":2},"f":{},"b":{},"_coverageSchema":"1a1c01bbd47fc00a2c39e90264f33305004495a9","hash":"adb858314b67a4b40d6d2f303068929b2cdc35e1"}
,"C:\\Users\\erdianto.yuli\\Documents\\code\\CarRentalRNExpo\\assets\\images\\fi_list_red.svg": {"path":"C:\\Users\\erdianto.yuli\\Documents\\code\\CarRentalRNExpo\\assets\\images\\fi_list_red.svg","statementMap":{"0":{"start":{"line":1,"column":0},"end":{"line":1,"column":19}}},"fnMap":{},"branchMap":{},"s":{"0":2},"f":{},"b":{},"_coverageSchema":"1a1c01bbd47fc00a2c39e90264f33305004495a9","hash":"ed871ead9edd1d554f2dc3a07a8c990014f2248a"}
,"C:\\Users\\erdianto.yuli\\Documents\\code\\CarRentalRNExpo\\assets\\images\\fi_truck.svg": {"path":"C:\\Users\\erdianto.yuli\\Documents\\code\\CarRentalRNExpo\\assets\\images\\fi_truck.svg","statementMap":{"0":{"start":{"line":1,"column":0},"end":{"line":1,"column":19}}},"fnMap":{},"branchMap":{},"s":{"0":2},"f":{},"b":{},"_coverageSchema":"1a1c01bbd47fc00a2c39e90264f33305004495a9","hash":"6227866b7b8ee882bfb13da34e9ea9c91e82e649"}
,"C:\\Users\\erdianto.yuli\\Documents\\code\\CarRentalRNExpo\\assets\\images\\fi_user.svg": {"path":"C:\\Users\\erdianto.yuli\\Documents\\code\\CarRentalRNExpo\\assets\\images\\fi_user.svg","statementMap":{"0":{"start":{"line":1,"column":0},"end":{"line":1,"column":19}}},"fnMap":{},"branchMap":{},"s":{"0":2},"f":{},"b":{},"_coverageSchema":"1a1c01bbd47fc00a2c39e90264f33305004495a9","hash":"4ce1d6bf9d4c7b9caef695f88a22495407d3008b"}
,"C:\\Users\\erdianto.yuli\\Documents\\code\\CarRentalRNExpo\\assets\\images\\fi_user_red.svg": {"path":"C:\\Users\\erdianto.yuli\\Documents\\code\\CarRentalRNExpo\\assets\\images\\fi_user_red.svg","statementMap":{"0":{"start":{"line":1,"column":0},"end":{"line":1,"column":19}}},"fnMap":{},"branchMap":{},"s":{"0":2},"f":{},"b":{},"_coverageSchema":"1a1c01bbd47fc00a2c39e90264f33305004495a9","hash":"3c0ee437cab539fddc778e97f77b4b946b31612f"}
,"C:\\Users\\erdianto.yuli\\Documents\\code\\CarRentalRNExpo\\assets\\images\\index.js": {"path":"C:\\Users\\erdianto.yuli\\Documents\\code\\CarRentalRNExpo\\assets\\images\\index.js","statementMap":{},"fnMap":{},"branchMap":{},"s":{},"f":{},"b":{},"_coverageSchema":"1a1c01bbd47fc00a2c39e90264f33305004495a9","hash":"865fd67152208cb50a43f6a8f645e96753fd81f9"}
,"C:\\Users\\erdianto.yuli\\Documents\\code\\CarRentalRNExpo\\assets\\images\\park.png": {"path":"C:\\Users\\erdianto.yuli\\Documents\\code\\CarRentalRNExpo\\assets\\images\\park.png","statementMap":{"0":{"start":{"line":1,"column":0},"end":{"line":1,"column":19}}},"fnMap":{},"branchMap":{},"s":{"0":2},"f":{},"b":{},"_coverageSchema":"1a1c01bbd47fc00a2c39e90264f33305004495a9","hash":"7345d35245f81e6511f45457f058699de83056ab"}
,"C:\\Users\\erdianto.yuli\\Documents\\code\\CarRentalRNExpo\\assets\\images\\splash.jpg": {"path":"C:\\Users\\erdianto.yuli\\Documents\\code\\CarRentalRNExpo\\assets\\images\\splash.jpg","statementMap":{"0":{"start":{"line":1,"column":0},"end":{"line":1,"column":19}}},"fnMap":{},"branchMap":{},"s":{"0":2},"f":{},"b":{},"_coverageSchema":"1a1c01bbd47fc00a2c39e90264f33305004495a9","hash":"3050f64a6c03a39251f1c95e0772026cb37732a4"}
,"C:\\Users\\erdianto.yuli\\Documents\\code\\CarRentalRNExpo\\assets\\images\\toyota.png": {"path":"C:\\Users\\erdianto.yuli\\Documents\\code\\CarRentalRNExpo\\assets\\images\\toyota.png","statementMap":{"0":{"start":{"line":1,"column":0},"end":{"line":1,"column":19}}},"fnMap":{},"branchMap":{},"s":{"0":2},"f":{},"b":{},"_coverageSchema":"1a1c01bbd47fc00a2c39e90264f33305004495a9","hash":"40365510e14facfef7289c4c1e41d27db796ce4f"}
,"C:\\Users\\erdianto.yuli\\Documents\\code\\CarRentalRNExpo\\assets\\images\\zenix.png": {"path":"C:\\Users\\erdianto.yuli\\Documents\\code\\CarRentalRNExpo\\assets\\images\\zenix.png","statementMap":{"0":{"start":{"line":1,"column":0},"end":{"line":1,"column":19}}},"fnMap":{},"branchMap":{},"s":{"0":2},"f":{},"b":{},"_coverageSchema":"1a1c01bbd47fc00a2c39e90264f33305004495a9","hash":"90eed96b4168e633575cbcb435f0f91a62899be0"}
,"C:\\Users\\erdianto.yuli\\Documents\\code\\CarRentalRNExpo\\components\\Button.jsx": {"path":"C:\\Users\\erdianto.yuli\\Documents\\code\\CarRentalRNExpo\\components\\Button.jsx","statementMap":{"0":{"start":{"line":6,"column":26},"end":{"line":6,"column":69}},"1":{"start":{"line":9,"column":18},"end":{"line":9,"column":35}},"2":{"start":{"line":11,"column":24},"end":{"line":13,"column":3}},"3":{"start":{"line":12,"column":4},"end":{"line":12,"column":36}},"4":{"start":{"line":15,"column":25},"end":{"line":17,"column":3}},"5":{"start":{"line":16,"column":4},"end":{"line":16,"column":34}},"6":{"start":{"line":19,"column":2},"end":{"line":46,"column":4}},"7":{"start":{"line":49,"column":15},"end":{"line":68,"column":2}}},"fnMap":{"0":{"name":"button","decl":{"start":{"line":8,"column":24},"end":{"line":8,"column":30}},"loc":{"start":{"line":8,"column":75},"end":{"line":47,"column":1}},"line":8},"1":{"name":"(anonymous_1)","decl":{"start":{"line":11,"column":24},"end":{"line":11,"column":25}},"loc":{"start":{"line":11,"column":30},"end":{"line":13,"column":3}},"line":11},"2":{"name":"(anonymous_2)","decl":{"start":{"line":15,"column":25},"end":{"line":15,"column":26}},"loc":{"start":{"line":15,"column":31},"end":{"line":17,"column":3}},"line":15}},"branchMap":{"0":{"loc":{"start":{"line":26,"column":17},"end":{"line":26,"column":39}},"type":"cond-expr","locations":[{"start":{"line":26,"column":28},"end":{"line":26,"column":29}},{"start":{"line":26,"column":32},"end":{"line":26,"column":39}}],"line":26},"1":{"loc":{"start":{"line":27,"column":25},"end":{"line":31,"column":32}},"type":"cond-expr","locations":[{"start":{"line":28,"column":12},"end":{"line":28,"column":21}},{"start":{"line":29,"column":12},"end":{"line":31,"column":32}}],"line":27},"2":{"loc":{"start":{"line":29,"column":12},"end":{"line":31,"column":32}},"type":"cond-expr","locations":[{"start":{"line":30,"column":12},"end":{"line":30,"column":19}},{"start":{"line":31,"column":12},"end":{"line":31,"column":32}}],"line":29},"3":{"loc":{"start":{"line":32,"column":21},"end":{"line":32,"column":64}},"type":"cond-expr","locations":[{"start":{"line":32,"column":32},"end":{"line":32,"column":41}},{"start":{"line":32,"column":44},"end":{"line":32,"column":64}}],"line":32},"4":{"loc":{"start":{"line":40,"column":17},"end":{"line":40,"column":77}},"type":"cond-expr","locations":[{"start":{"line":40,"column":28},"end":{"line":40,"column":35}},{"start":{"line":40,"column":38},"end":{"line":40,"column":77}}],"line":40},"5":{"loc":{"start":{"line":40,"column":38},"end":{"line":40,"column":77}},"type":"cond-expr","locations":[{"start":{"line":40,"column":47},"end":{"line":40,"column":67}},{"start":{"line":40,"column":70},"end":{"line":40,"column":77}}],"line":40}},"s":{"0":1,"1":0,"2":0,"3":0,"4":0,"5":0,"6":0,"7":1},"f":{"0":0,"1":0,"2":0},"b":{"0":[0,0],"1":[0,0],"2":[0,0],"3":[0,0],"4":[0,0],"5":[0,0]},"_coverageSchema":"1a1c01bbd47fc00a2c39e90264f33305004495a9","hash":"15ef1cca13c11bebb16900c4777eb723bcd69b7d"}
,"C:\\Users\\erdianto.yuli\\Documents\\code\\CarRentalRNExpo\\components\\CarList.jsx": {"path":"C:\\Users\\erdianto.yuli\\Documents\\code\\CarRentalRNExpo\\components\\CarList.jsx","statementMap":{"0":{"start":{"line":6,"column":23},"end":{"line":9,"column":2}},"1":{"start":{"line":20,"column":20},"end":{"line":20,"column":76}},"2":{"start":{"line":20,"column":43},"end":{"line":20,"column":71}},"3":{"start":{"line":21,"column":2},"end":{"line":43,"column":4}},"4":{"start":{"line":46,"column":15},"end":{"line":96,"column":2}}},"fnMap":{"0":{"name":"CarList","decl":{"start":{"line":11,"column":24},"end":{"line":11,"column":31}},"loc":{"start":{"line":19,"column":3},"end":{"line":44,"column":1}},"line":19},"1":{"name":"(anonymous_1)","decl":{"start":{"line":17,"column":10},"end":{"line":17,"column":11}},"loc":{"start":{"line":17,"column":16},"end":{"line":17,"column":18}},"line":17},"2":{"name":"(anonymous_2)","decl":{"start":{"line":20,"column":32},"end":{"line":20,"column":33}},"loc":{"start":{"line":20,"column":43},"end":{"line":20,"column":71}},"line":20}},"branchMap":{"0":{"loc":{"start":{"line":17,"column":2},"end":{"line":17,"column":18}},"type":"default-arg","locations":[{"start":{"line":17,"column":10},"end":{"line":17,"column":18}}],"line":17},"1":{"loc":{"start":{"line":39,"column":52},"end":{"line":39,"column":62}},"type":"binary-expr","locations":[{"start":{"line":39,"column":52},"end":{"line":39,"column":57}},{"start":{"line":39,"column":61},"end":{"line":39,"column":62}}],"line":39}},"s":{"0":1,"1":1,"2":1,"3":1,"4":1},"f":{"0":1,"1":0,"2":1},"b":{"0":[0],"1":[1,0]},"_coverageSchema":"1a1c01bbd47fc00a2c39e90264f33305004495a9","hash":"d9b87335d240291fd4c929a21be7df69c410eae7"}
,"C:\\Users\\erdianto.yuli\\Documents\\code\\CarRentalRNExpo\\components\\Grid.jsx": {"path":"C:\\Users\\erdianto.yuli\\Documents\\code\\CarRentalRNExpo\\components\\Grid.jsx","statementMap":{"0":{"start":{"line":5,"column":2},"end":{"line":5,"column":80}},"1":{"start":{"line":9,"column":2},"end":{"line":9,"column":74}},"2":{"start":{"line":13,"column":2},"end":{"line":13,"column":77}},"3":{"start":{"line":16,"column":15},"end":{"line":24,"column":2}}},"fnMap":{"0":{"name":"Container","decl":{"start":{"line":4,"column":16},"end":{"line":4,"column":25}},"loc":{"start":{"line":4,"column":57},"end":{"line":6,"column":1}},"line":4},"1":{"name":"Row","decl":{"start":{"line":8,"column":16},"end":{"line":8,"column":19}},"loc":{"start":{"line":8,"column":51},"end":{"line":10,"column":1}},"line":8},"2":{"name":"Col","decl":{"start":{"line":12,"column":16},"end":{"line":12,"column":19}},"loc":{"start":{"line":12,"column":51},"end":{"line":14,"column":1}},"line":12}},"branchMap":{"0":{"loc":{"start":{"line":4,"column":38},"end":{"line":4,"column":46}},"type":"default-arg","locations":[{"start":{"line":4,"column":44},"end":{"line":4,"column":46}}],"line":4},"1":{"loc":{"start":{"line":4,"column":48},"end":{"line":4,"column":53}},"type":"default-arg","locations":[{"start":{"line":4,"column":52},"end":{"line":4,"column":53}}],"line":4},"2":{"loc":{"start":{"line":8,"column":32},"end":{"line":8,"column":40}},"type":"default-arg","locations":[{"start":{"line":8,"column":38},"end":{"line":8,"column":40}}],"line":8},"3":{"loc":{"start":{"line":8,"column":42},"end":{"line":8,"column":47}},"type":"default-arg","locations":[{"start":{"line":8,"column":46},"end":{"line":8,"column":47}}],"line":8},"4":{"loc":{"start":{"line":12,"column":32},"end":{"line":12,"column":40}},"type":"default-arg","locations":[{"start":{"line":12,"column":38},"end":{"line":12,"column":40}}],"line":12},"5":{"loc":{"start":{"line":12,"column":42},"end":{"line":12,"column":47}},"type":"default-arg","locations":[{"start":{"line":12,"column":46},"end":{"line":12,"column":47}}],"line":12}},"s":{"0":0,"1":4,"2":2,"3":2},"f":{"0":0,"1":4,"2":2},"b":{"0":[0],"1":[0],"2":[1],"3":[4],"4":[2],"5":[2]},"_coverageSchema":"1a1c01bbd47fc00a2c39e90264f33305004495a9","hash":"c412ba65d45eee7ee62e7b9adb59120e3a163f68"}
,"C:\\Users\\erdianto.yuli\\Documents\\code\\CarRentalRNExpo\\components\\Modal.jsx": {"path":"C:\\Users\\erdianto.yuli\\Documents\\code\\CarRentalRNExpo\\components\\Modal.jsx","statementMap":{"0":{"start":{"line":5,"column":2},"end":{"line":19,"column":4}}},"fnMap":{"0":{"name":"ModalPopup","decl":{"start":{"line":4,"column":24},"end":{"line":4,"column":34}},"loc":{"start":{"line":4,"column":65},"end":{"line":20,"column":1}},"line":4}},"branchMap":{},"s":{"0":0},"f":{"0":0},"b":{},"_coverageSchema":"1a1c01bbd47fc00a2c39e90264f33305004495a9","hash":"9252c4bd0b6fefc15fc6907ddd62eaddfab6cbaf"}
,"C:\\Users\\erdianto.yuli\\Documents\\code\\CarRentalRNExpo\\components\\ThemedText.tsx": {"path":"C:\\Users\\erdianto.yuli\\Documents\\code\\CarRentalRNExpo\\components\\ThemedText.tsx","statementMap":{"0":{"start":{"line":18,"column":16},"end":{"line":18,"column":77}},"1":{"start":{"line":20,"column":2},"end":{"line":33,"column":4}},"2":{"start":{"line":36,"column":15},"end":{"line":60,"column":2}}},"fnMap":{"0":{"name":"ThemedText","decl":{"start":{"line":11,"column":16},"end":{"line":11,"column":26}},"loc":{"start":{"line":17,"column":20},"end":{"line":34,"column":1}},"line":17}},"branchMap":{"0":{"loc":{"start":{"line":15,"column":2},"end":{"line":15,"column":18}},"type":"default-arg","locations":[{"start":{"line":15,"column":9},"end":{"line":15,"column":18}}],"line":15},"1":{"loc":{"start":{"line":24,"column":8},"end":{"line":24,"column":55}},"type":"cond-expr","locations":[{"start":{"line":24,"column":29},"end":{"line":24,"column":43}},{"start":{"line":24,"column":46},"end":{"line":24,"column":55}}],"line":24},"2":{"loc":{"start":{"line":25,"column":8},"end":{"line":25,"column":51}},"type":"cond-expr","locations":[{"start":{"line":25,"column":27},"end":{"line":25,"column":39}},{"start":{"line":25,"column":42},"end":{"line":25,"column":51}}],"line":25},"3":{"loc":{"start":{"line":26,"column":8},"end":{"line":26,"column":71}},"type":"cond-expr","locations":[{"start":{"line":26,"column":37},"end":{"line":26,"column":59}},{"start":{"line":26,"column":62},"end":{"line":26,"column":71}}],"line":26},"4":{"loc":{"start":{"line":27,"column":8},"end":{"line":27,"column":57}},"type":"cond-expr","locations":[{"start":{"line":27,"column":30},"end":{"line":27,"column":45}},{"start":{"line":27,"column":48},"end":{"line":27,"column":57}}],"line":27},"5":{"loc":{"start":{"line":28,"column":8},"end":{"line":28,"column":49}},"type":"cond-expr","locations":[{"start":{"line":28,"column":26},"end":{"line":28,"column":37}},{"start":{"line":28,"column":40},"end":{"line":28,"column":49}}],"line":28}},"s":{"0":1,"1":1,"2":1},"f":{"0":1},"b":{"0":[1],"1":[1,0],"2":[0,1],"3":[0,1],"4":[0,1],"5":[0,1]},"_coverageSchema":"1a1c01bbd47fc00a2c39e90264f33305004495a9","hash":"fc9a8b80a7fdac702a335aab2c01e99e83e87526"}
,"C:\\Users\\erdianto.yuli\\Documents\\code\\CarRentalRNExpo\\constants\\Colors.ts": {"path":"C:\\Users\\erdianto.yuli\\Documents\\code\\CarRentalRNExpo\\constants\\Colors.ts","statementMap":{"0":{"start":{"line":6,"column":23},"end":{"line":6,"column":32}},"1":{"start":{"line":7,"column":22},"end":{"line":7,"column":31}},"2":{"start":{"line":9,"column":22},"end":{"line":40,"column":1}}},"fnMap":{},"branchMap":{},"s":{"0":2,"1":2,"2":2},"f":{},"b":{},"_coverageSchema":"1a1c01bbd47fc00a2c39e90264f33305004495a9","hash":"942896ee7eda06ed0ec367f300813418919f80ac"}
,"C:\\Users\\erdianto.yuli\\Documents\\code\\CarRentalRNExpo\\hooks\\useThemeColor.ts": {"path":"C:\\Users\\erdianto.yuli\\Documents\\code\\CarRentalRNExpo\\hooks\\useThemeColor.ts","statementMap":{"0":{"start":{"line":14,"column":16},"end":{"line":14,"column":43}},"1":{"start":{"line":15,"column":25},"end":{"line":15,"column":37}},"2":{"start":{"line":17,"column":2},"end":{"line":21,"column":3}},"3":{"start":{"line":18,"column":4},"end":{"line":18,"column":26}},"4":{"start":{"line":20,"column":4},"end":{"line":20,"column":36}}},"fnMap":{"0":{"name":"useThemeColor","decl":{"start":{"line":10,"column":16},"end":{"line":10,"column":29}},"loc":{"start":{"line":13,"column":2},"end":{"line":22,"column":1}},"line":13}},"branchMap":{"0":{"loc":{"start":{"line":14,"column":16},"end":{"line":14,"column":43}},"type":"binary-expr","locations":[{"start":{"line":14,"column":16},"end":{"line":14,"column":32}},{"start":{"line":14,"column":36},"end":{"line":14,"column":43}}],"line":14},"1":{"loc":{"start":{"line":17,"column":2},"end":{"line":21,"column":3}},"type":"if","locations":[{"start":{"line":17,"column":2},"end":{"line":21,"column":3}},{"start":{"line":19,"column":9},"end":{"line":21,"column":3}}],"line":17}},"s":{"0":1,"1":1,"2":1,"3":0,"4":1},"f":{"0":1},"b":{"0":[1,0],"1":[0,1]},"_coverageSchema":"1a1c01bbd47fc00a2c39e90264f33305004495a9","hash":"5f98196532e82899375487a5c1606ee3cf9a274a"}
,"C:\\Users\\erdianto.yuli\\Documents\\code\\CarRentalRNExpo\\redux\\reducer\\auth\\authAPI.js": {"path":"C:\\Users\\erdianto.yuli\\Documents\\code\\CarRentalRNExpo\\redux\\reducer\\auth\\authAPI.js","statementMap":{"0":{"start":{"line":3,"column":29},"end":{"line":23,"column":1}},"1":{"start":{"line":6,"column":16},"end":{"line":20,"column":5}},"2":{"start":{"line":21,"column":4},"end":{"line":21,"column":23}},"3":{"start":{"line":25,"column":26},"end":{"line":51,"column":1}},"4":{"start":{"line":28,"column":4},"end":{"line":49,"column":5}},"5":{"start":{"line":29,"column":18},"end":{"line":42,"column":7}},"6":{"start":{"line":43,"column":19},"end":{"line":43,"column":36}},"7":{"start":{"line":44,"column":6},"end":{"line":44,"column":49}},"8":{"start":{"line":44,"column":19},"end":{"line":44,"column":49}},"9":{"start":{"line":46,"column":6},"end":{"line":46,"column":18}},"10":{"start":{"line":48,"column":6},"end":{"line":48,"column":39}}},"fnMap":{"0":{"name":"(anonymous_0)","decl":{"start":{"line":5,"column":2},"end":{"line":5,"column":3}},"loc":{"start":{"line":5,"column":33},"end":{"line":22,"column":3}},"line":5},"1":{"name":"(anonymous_1)","decl":{"start":{"line":27,"column":2},"end":{"line":27,"column":3}},"loc":{"start":{"line":27,"column":54},"end":{"line":50,"column":3}},"line":27}},"branchMap":{"0":{"loc":{"start":{"line":44,"column":6},"end":{"line":44,"column":49}},"type":"if","locations":[{"start":{"line":44,"column":6},"end":{"line":44,"column":49}},{"start":{},"end":{}}],"line":44}},"s":{"0":1,"1":0,"2":0,"3":1,"4":0,"5":0,"6":0,"7":0,"8":0,"9":0,"10":0},"f":{"0":0,"1":0},"b":{"0":[0,0]},"_coverageSchema":"1a1c01bbd47fc00a2c39e90264f33305004495a9","hash":"a665d65bce1e35c5dc92a9ce7d9f41e6087a943e"}
,"C:\\Users\\erdianto.yuli\\Documents\\code\\CarRentalRNExpo\\redux\\reducer\\auth\\authLoginSlice.js": {"path":"C:\\Users\\erdianto.yuli\\Documents\\code\\CarRentalRNExpo\\redux\\reducer\\auth\\authLoginSlice.js","statementMap":{"0":{"start":{"line":5,"column":13},"end":{"line":7,"column":1}},"1":{"start":{"line":6,"column":2},"end":{"line":6,"column":35}},"2":{"start":{"line":9,"column":16},"end":{"line":11,"column":1}},"3":{"start":{"line":10,"column":2},"end":{"line":10,"column":42}},"4":{"start":{"line":13,"column":13},"end":{"line":15,"column":1}},"5":{"start":{"line":14,"column":2},"end":{"line":14,"column":35}},"6":{"start":{"line":17,"column":23},"end":{"line":62,"column":2}},"7":{"start":{"line":29,"column":6},"end":{"line":29,"column":22}},"8":{"start":{"line":30,"column":6},"end":{"line":30,"column":28}},"9":{"start":{"line":31,"column":6},"end":{"line":31,"column":22}},"10":{"start":{"line":34,"column":6},"end":{"line":34,"column":27}},"11":{"start":{"line":35,"column":6},"end":{"line":35,"column":28}},"12":{"start":{"line":36,"column":6},"end":{"line":36,"column":32}},"13":{"start":{"line":37,"column":6},"end":{"line":37,"column":44}},"14":{"start":{"line":41,"column":4},"end":{"line":43,"column":7}},"15":{"start":{"line":42,"column":6},"end":{"line":42,"column":29}},"16":{"start":{"line":44,"column":4},"end":{"line":52,"column":7}},"17":{"start":{"line":45,"column":6},"end":{"line":45,"column":30}},"18":{"start":{"line":46,"column":6},"end":{"line":46,"column":27}},"19":{"start":{"line":47,"column":6},"end":{"line":47,"column":28}},"20":{"start":{"line":48,"column":6},"end":{"line":48,"column":32}},"21":{"start":{"line":49,"column":6},"end":{"line":49,"column":34}},"22":{"start":{"line":50,"column":6},"end":{"line":50,"column":51}},"23":{"start":{"line":51,"column":6},"end":{"line":51,"column":28}},"24":{"start":{"line":53,"column":4},"end":{"line":60,"column":7}},"25":{"start":{"line":54,"column":6},"end":{"line":54,"column":27}},"26":{"start":{"line":55,"column":6},"end":{"line":55,"column":30}},"27":{"start":{"line":56,"column":6},"end":{"line":56,"column":28}},"28":{"start":{"line":57,"column":6},"end":{"line":57,"column":42}},"29":{"start":{"line":58,"column":6},"end":{"line":58,"column":47}},"30":{"start":{"line":59,"column":6},"end":{"line":59,"column":29}},"31":{"start":{"line":64,"column":21},"end":{"line":64,"column":31}},"32":{"start":{"line":65,"column":27},"end":{"line":65,"column":49}},"33":{"start":{"line":65,"column":38},"end":{"line":65,"column":49}},"34":{"start":{"line":66,"column":35},"end":{"line":66,"column":57}}},"fnMap":{"0":{"name":"(anonymous_0)","decl":{"start":{"line":5,"column":13},"end":{"line":5,"column":14}},"loc":{"start":{"line":5,"column":29},"end":{"line":7,"column":1}},"line":5},"1":{"name":"(anonymous_1)","decl":{"start":{"line":9,"column":16},"end":{"line":9,"column":17}},"loc":{"start":{"line":9,"column":31},"end":{"line":11,"column":1}},"line":9},"2":{"name":"(anonymous_2)","decl":{"start":{"line":13,"column":13},"end":{"line":13,"column":14}},"loc":{"start":{"line":13,"column":22},"end":{"line":15,"column":1}},"line":13},"3":{"name":"(anonymous_3)","decl":{"start":{"line":28,"column":12},"end":{"line":28,"column":13}},"loc":{"start":{"line":28,"column":23},"end":{"line":32,"column":5}},"line":28},"4":{"name":"(anonymous_4)","decl":{"start":{"line":33,"column":13},"end":{"line":33,"column":14}},"loc":{"start":{"line":33,"column":24},"end":{"line":38,"column":5}},"line":33},"5":{"name":"(anonymous_5)","decl":{"start":{"line":40,"column":17},"end":{"line":40,"column":18}},"loc":{"start":{"line":40,"column":30},"end":{"line":61,"column":3}},"line":40},"6":{"name":"(anonymous_6)","decl":{"start":{"line":41,"column":40},"end":{"line":41,"column":41}},"loc":{"start":{"line":41,"column":59},"end":{"line":43,"column":5}},"line":41},"7":{"name":"(anonymous_7)","decl":{"start":{"line":44,"column":42},"end":{"line":44,"column":43}},"loc":{"start":{"line":44,"column":61},"end":{"line":52,"column":5}},"line":44},"8":{"name":"(anonymous_8)","decl":{"start":{"line":53,"column":41},"end":{"line":53,"column":42}},"loc":{"start":{"line":53,"column":60},"end":{"line":60,"column":5}},"line":53},"9":{"name":"(anonymous_9)","decl":{"start":{"line":65,"column":27},"end":{"line":65,"column":28}},"loc":{"start":{"line":65,"column":38},"end":{"line":65,"column":49}},"line":65}},"branchMap":{},"s":{"0":1,"1":0,"2":1,"3":0,"4":1,"5":0,"6":1,"7":0,"8":0,"9":0,"10":0,"11":0,"12":0,"13":0,"14":0,"15":0,"16":0,"17":0,"18":0,"19":0,"20":0,"21":0,"22":0,"23":0,"24":0,"25":0,"26":0,"27":0,"28":0,"29":0,"30":0,"31":1,"32":1,"33":0,"34":1},"f":{"0":0,"1":0,"2":0,"3":0,"4":0,"5":0,"6":0,"7":0,"8":0,"9":0},"b":{},"_coverageSchema":"1a1c01bbd47fc00a2c39e90264f33305004495a9","hash":"be77bb3029714f03e2e1d82db358a168617b24be"}
}
